<?xml version="1.0" encoding="UTF-8" ?>
<testsuite tests="2" failures="0" name="cucumber.options.TestRunner" time="6.63" errors="1" skipped="1">
  <properties>
[...]
</properties>
  <testcase classname="Validating place API&apos;s" name="Verify if place is being successfully added using AddPlaceApI" time="6.613">
    <skipped/>
    <system-out>/maps/api/place/add/json
{&quot;status&quot;:&quot;OK&quot;,&quot;place_id&quot;:&quot;fbe12c2c30ca9e2cbb00f7d0edba8af7&quot;,&quot;scope&quot;:&quot;APP&quot;,&quot;reference&quot;:&quot;44ed358721083ac41bc5c0582b729dc344ed358721083ac41bc5c0582b729dc3&quot;,&quot;id&quot;:&quot;44ed358721083ac41bc5c0582b729dc3&quot;}
/maps/api/place/get/json
{&quot;location&quot;:{&quot;latitude&quot;:&quot;-38.383494&quot;,&quot;longitude&quot;:&quot;33.427362&quot;},&quot;accuracy&quot;:&quot;50&quot;,&quot;name&quot;:&quot;nikiya_1_1&quot;,&quot;phone_number&quot;:&quot;(+91) 983 893 3937&quot;,&quot;address&quot;:&quot;xys&quot;,&quot;types&quot;:&quot;shoe dsds,dsds&quot;,&quot;website&quot;:&quot;http:\/\/sdsdds.com&quot;,&quot;language&quot;:&quot;englis&quot;}
/maps/api/place/add/json
</system-out>
    <system-err>May 27, 2020 11:00:14 PM io.cucumber.junit.Cucumber &lt;init&gt;
WARNING: By default Cucumber is running in --non-strict mode.
This default will change to --strict and --non-strict will be removed.
You can use --strict or @CucumberOptions(strict = true) to suppress this warning
</system-err>
  </testcase>
  <testcase classname="Validating place API&apos;s" name="Verify if Delete Place functionality is working" time="0.017">
    <error type="java.lang.NullPointerException">java.lang.NullPointerException
	at stepdefinations.StepDefination.user_calls_something_with_post_http_request(StepDefination.java:49)
	at ✽.user calls &quot;deletePlaceAPI&quot; with &quot;post&quot; http request(file:///C:/OCP/JAVA/java-developer/Cucumber_Framework/src/test/java/features/placeValidations.feature:17)
</error>
    <system-out>/maps/api/place/delete/json
</system-out>
  </testcase>
</testsuite>